This is pdfTeX, Version 3.141592653-2.6-1.40.28 (MiKTeX 25.12) (preloaded format=pdflatex 2026.6.13)  17 JUN 2026 23:31
entering extended mode
 restricted \write18 enabled.
 %&-line parsing enabled.
**./main.tex
(main.tex
LaTeX2e <2025-11-01>
L3 programming layer <2025-12-24>
(C:\Users\thomas\AppData\Local\Programs\MiKTeX\tex/latex/base\article.cls
Document Class: article 2025/01/22 v1.4n Standard LaTeX document class
(C:\Users\thomas\AppData\Local\Programs\MiKTeX\tex/latex/base\size12.clo
File: size12.clo 2025/01/22 v1.4n Standard LaTeX file (size option)
)
\c@part=\count275
\c@section=\count276
\c@subsection=\count277
\c@subsubsection=\count278
\c@paragraph=\count279
\c@subparagraph=\count280
\c@figure=\count281
\c@table=\count282
\abovecaptionskip=\skip49
\belowcaptionskip=\skip50
\bibindent=\dimen148
)
(C:\Users\thomas\AppData\Local\Programs\MiKTeX\tex/latex/geometry\geometry.sty
Package: geometry 2026/03/07 v6.0 Page Geometry

(C:\Users\thomas\AppData\Local\Programs\MiKTeX\tex/latex/graphics\keyval.sty
Package: keyval 2022/05/29 v1.15 key=value parser (DPC)
\KV@toks@=\toks17
)
(C:\Users\thomas\AppData\Local\Programs\MiKTeX\tex/generic/iftex\ifvtex.sty
Package: ifvtex 2019/10/25 v1.7 ifvtex legacy package. Use iftex instead.

(C:\Users\thomas\AppData\Local\Programs\MiKTeX\tex/generic/iftex\iftex.sty
Package: iftex 2024/12/12 v1.0g TeX engine tests
))
\Gm@cnth=\count283
\Gm@cntv=\count284
\c@Gm@tempcnt=\count285
\Gm@bindingoffset=\dimen149
\Gm@wd@mp=\dimen150
\Gm@odd@mp=\dimen151
\Gm@even@mp=\dimen152
\Gm@layoutwidth=\dimen153
\Gm@layoutheight=\dimen154
\Gm@layouthoffset=\dimen155
\Gm@layoutvoffset=\dimen156
\Gm@dimlist=\toks18

(C:\Users\thomas\AppData\Local\Programs\MiKTeX\tex/latex/geometry\geometry.cfg)
) (C:\Users\thomas\AppData\Local\Programs\MiKTeX\tex/latex/base\inputenc.sty
Package: inputenc 2024/02/08 v1.3d Input encoding file
\inpenc@prehook=\toks19
\inpenc@posthook=\toks20
)
(C:\Users\thomas\AppData\Local\Programs\MiKTeX\tex/latex/graphics\graphicx.sty
Package: graphicx 2024/12/31 v1.2e Enhanced LaTeX Graphics (DPC,SPQR)

(C:\Users\thomas\AppData\Local\Programs\MiKTeX\tex/latex/graphics\graphics.sty
Package: graphics 2024/08/06 v1.4g Standard LaTeX Graphics (DPC,SPQR)

(C:\Users\thomas\AppData\Local\Programs\MiKTeX\tex/latex/graphics\trig.sty
Package: trig 2023/12/02 v1.11 sin cos tan (DPC)
)
(C:\Users\thomas\AppData\Local\Programs\MiKTeX\tex/latex/graphics-cfg\graphics.
cfg
File: graphics.cfg 2016/06/04 v1.11 sample graphics configuration
)
Package graphics Info: Driver file: pdftex.def on input line 106.

(C:\Users\thomas\AppData\Local\Programs\MiKTeX\tex/latex/graphics-def\pdftex.de
f
File: pdftex.def 2025/09/29 v1.2d Graphics/color driver for pdftex
))
\Gin@req@height=\dimen157
\Gin@req@width=\dimen158
)
(C:\Users\thomas\AppData\Local\Programs\MiKTeX\tex/latex/amsmath\amsmath.sty
Package: amsmath 2025/07/09 v2.17z AMS math features
\@mathmargin=\skip51

For additional information on amsmath, use the `?' option.
(C:\Users\thomas\AppData\Local\Programs\MiKTeX\tex/latex/amsmath\amstext.sty
Package: amstext 2024/11/17 v2.01 AMS text

(C:\Users\thomas\AppData\Local\Programs\MiKTeX\tex/latex/amsmath\amsgen.sty
File: amsgen.sty 1999/11/30 v2.0 generic functions
\@emptytoks=\toks21
\ex@=\dimen159
))
(C:\Users\thomas\AppData\Local\Programs\MiKTeX\tex/latex/amsmath\amsbsy.sty
Package: amsbsy 1999/11/29 v1.2d Bold Symbols
\pmbraise@=\dimen160
)
(C:\Users\thomas\AppData\Local\Programs\MiKTeX\tex/latex/amsmath\amsopn.sty
Package: amsopn 2022/04/08 v2.04 operator names
)
\inf@bad=\count286
LaTeX Info: Redefining \frac on input line 233.
\uproot@=\count287
\leftroot@=\count288
LaTeX Info: Redefining \overline on input line 398.
LaTeX Info: Redefining \colon on input line 409.
\classnum@=\count289
\DOTSCASE@=\count290
LaTeX Info: Redefining \ldots on input line 495.
LaTeX Info: Redefining \dots on input line 498.
LaTeX Info: Redefining \cdots on input line 619.
\Mathstrutbox@=\box53
\strutbox@=\box54
LaTeX Info: Redefining \big on input line 721.
LaTeX Info: Redefining \Big on input line 722.
LaTeX Info: Redefining \bigg on input line 723.
LaTeX Info: Redefining \Bigg on input line 724.
\big@size=\dimen161
LaTeX Font Info:    Redeclaring font encoding OML on input line 742.
LaTeX Font Info:    Redeclaring font encoding OMS on input line 743.
\macc@depth=\count291
LaTeX Info: Redefining \bmod on input line 904.
LaTeX Info: Redefining \pmod on input line 909.
LaTeX Info: Redefining \smash on input line 939.
LaTeX Info: Redefining \relbar on input line 969.
LaTeX Info: Redefining \Relbar on input line 970.
\c@MaxMatrixCols=\count292
\dotsspace@=\muskip17
\c@parentequation=\count293
\dspbrk@lvl=\count294
\tag@help=\toks22
\row@=\count295
\column@=\count296
\maxfields@=\count297
\andhelp@=\toks23
\eqnshift@=\dimen162
\alignsep@=\dimen163
\tagshift@=\dimen164
\tagwidth@=\dimen165
\totwidth@=\dimen166
\lineht@=\dimen167
\@envbody=\toks24
\multlinegap=\skip52
\multlinetaggap=\skip53
\mathdisplay@stack=\toks25
LaTeX Info: Redefining \[ on input line 2950.
LaTeX Info: Redefining \] on input line 2951.
)
(C:\Users\thomas\AppData\Local\Programs\MiKTeX\tex/latex/natbib\natbib.sty
Package: natbib 2010/09/13 8.31b (PWD, AO)
\bibhang=\skip54
\bibsep=\skip55
LaTeX Info: Redefining \cite on input line 694.
\c@NAT@ctr=\count298
)
(C:\Users\thomas\AppData\Local\Programs\MiKTeX\tex/latex/caption\subcaption.sty
Package: subcaption 2023/07/28 v1.6b Sub-captions (AR)
(C:\Users\thomas\AppData\Local\Programs\MiKTeX\tex/latex/caption\caption.sty
Package: caption 2023/08/05 v3.6o Customizing captions (AR)

(C:\Users\thomas\AppData\Local\Programs\MiKTeX\tex/latex/caption\caption3.sty
Package: caption3 2023/07/31 v2.4d caption3 kernel (AR)
\caption@tempdima=\dimen168
\captionmargin=\dimen169
\caption@leftmargin=\dimen170
\caption@rightmargin=\dimen171
\caption@width=\dimen172
\caption@indent=\dimen173
\caption@parindent=\dimen174
\caption@hangindent=\dimen175
Package caption Info: Standard document class detected.
)
\c@caption@flags=\count299
\c@continuedfloat=\count300
)
Package caption Info: New subtype `subfigure' on input line 238.
\c@subfigure=\count301
Package caption Info: New subtype `subtable' on input line 238.
\c@subtable=\count302
)
(C:\Users\thomas\AppData\Local\Programs\MiKTeX\tex/latex/setspace\setspace.sty
Package: setspace 2022/12/04 v6.7b set line spacing
) (C:\Users\thomas\AppData\Local\Programs\MiKTeX\tex/latex/float\float.sty
Package: float 2001/11/08 v1.3d Float enhancements (AL)
\c@float@type=\count303
\float@exts=\toks26
\float@box=\box55
\@float@everytoks=\toks27
\@floatcapt=\box56
)
(C:\Users\thomas\AppData\Local\Programs\MiKTeX\tex/latex/algorithms\algorithm.s
ty
Package: algorithm 2009/08/24 v0.1 Document Style `algorithm' - floating enviro
nment
 (C:\Users\thomas\AppData\Local\Programs\MiKTeX\tex/latex/base\ifthen.sty
Package: ifthen 2024/03/16 v1.1e Standard LaTeX ifthen package (DPC)
)
\@float@every@algorithm=\toks28
\c@algorithm=\count304
)
(C:\Users\thomas\AppData\Local\Programs\MiKTeX\tex/latex/algorithms\algorithmic
.sty
Package: algorithmic 2009/08/24 v0.1 Document Style `algorithmic'
\c@ALC@unique=\count305
\c@ALC@line=\count306
\c@ALC@rem=\count307
\c@ALC@depth=\count308
\ALC@tlm=\skip56
\algorithmicindent=\skip57
)
(C:\Users\thomas\AppData\Local\Programs\MiKTeX\tex/latex/booktabs\booktabs.sty
Package: booktabs 2020/01/12 v1.61803398 Publication quality tables
\heavyrulewidth=\dimen176
\lightrulewidth=\dimen177
\cmidrulewidth=\dimen178
\belowrulesep=\dimen179
\belowbottomsep=\dimen180
\aboverulesep=\dimen181
\abovetopsep=\dimen182
\cmidrulesep=\dimen183
\cmidrulekern=\dimen184
\defaultaddspace=\dimen185
\@cmidla=\count309
\@cmidlb=\count310
\@aboverulesep=\dimen186
\@belowrulesep=\dimen187
\@thisruleclass=\count311
\@lastruleclass=\count312
\@thisrulewidth=\dimen188
) (C:\Users\thomas\AppData\Local\Programs\MiKTeX\tex/latex/base\textcomp.sty
Package: textcomp 2024/04/24 v2.1b Standard LaTeX package
)
(C:\Users\thomas\AppData\Local\Programs\MiKTeX\tex/latex/url\url.sty
\Urlmuskip=\muskip18
Package: url 2013/09/16  ver 3.4  Verb mode for urls, etc.
)
(C:\Users\thomas\AppData\Local\Programs\MiKTeX\tex/latex/l3backend\l3backend-pd
ftex.def
File: l3backend-pdftex.def 2025-10-09 L3 backend support: PDF output (pdfTeX)
\l__color_backend_stack_int=\count313
) (main.aux)
\openout1 = `main.aux'.

LaTeX Font Info:    Checking defaults for OML/cmm/m/it on input line 21.
LaTeX Font Info:    ... okay on input line 21.
LaTeX Font Info:    Checking defaults for OMS/cmsy/m/n on input line 21.
LaTeX Font Info:    ... okay on input line 21.
LaTeX Font Info:    Checking defaults for OT1/cmr/m/n on input line 21.
LaTeX Font Info:    ... okay on input line 21.
LaTeX Font Info:    Checking defaults for T1/cmr/m/n on input line 21.
LaTeX Font Info:    ... okay on input line 21.
LaTeX Font Info:    Checking defaults for TS1/cmr/m/n on input line 21.
LaTeX Font Info:    ... okay on input line 21.
LaTeX Font Info:    Checking defaults for OMX/cmex/m/n on input line 21.
LaTeX Font Info:    ... okay on input line 21.
LaTeX Font Info:    Checking defaults for U/cmr/m/n on input line 21.
LaTeX Font Info:    ... okay on input line 21.

*geometry* driver: auto-detecting
*geometry* detected driver: pdftex
*geometry* verbose mode - [ preamble ] result:
* driver: pdftex
* paper: a4paper
* layout: <same size as paper>
* layoutoffset:(h,v)=(0.0pt,0.0pt)
* modes: 
* h-part:(L,W,R)=(72.26999pt, 452.9679pt, 72.26999pt)
* v-part:(T,H,B)=(72.26999pt, 700.50687pt, 72.26999pt)
* \paperwidth=597.50787pt
* \paperheight=845.04684pt
* \textwidth=452.9679pt
* \textheight=700.50687pt
* \oddsidemargin=0.0pt
* \evensidemargin=0.0pt
* \topmargin=-37.0pt
* \headheight=12.0pt
* \headsep=25.0pt
* \topskip=12.0pt
* \footskip=30.0pt
* \marginparwidth=44.0pt
* \marginparsep=10.0pt
* \columnsep=10.0pt
* \skip\footins=10.8pt plus 4.0pt minus 2.0pt
* \hoffset=0.0pt
* \voffset=0.0pt
* \mag=1000
* \@twocolumnfalse
* \@twosidefalse
* \@mparswitchfalse
* \@reversemarginfalse
* (1in=72.27pt=25.4mm, 1cm=28.453pt)


(C:\Users\thomas\AppData\Local\Programs\MiKTeX\tex/context/base/mkii\supp-pdf.m
kii
[Loading MPS to PDF converter (version 2006.09.02).]
\scratchcounter=\count314
\scratchdimen=\dimen189
\scratchbox=\box57
\nofMPsegments=\count315
\nofMParguments=\count316
\everyMPshowfont=\toks29
\MPscratchCnt=\count317
\MPscratchDim=\dimen190
\MPnumerator=\count318
\makeMPintoPDFobject=\count319
\everyMPtoPDFconversion=\toks30
)
(C:\Users\thomas\AppData\Local\Programs\MiKTeX\tex/latex/epstopdf-pkg\epstopdf-
base.sty
Package: epstopdf-base 2020-01-24 v2.11 Base part for package epstopdf
Package epstopdf-base Info: Redefining graphics rule for `.eps' on input line 4
85.

(C:\Users\thomas\AppData\Local\Programs\MiKTeX\tex/latex/00miktex\epstopdf-sys.
cfg
File: epstopdf-sys.cfg 2021/03/18 v2.0 Configuration of epstopdf for MiKTeX
))
Package caption Info: Begin \AtBeginDocument code.
Package caption Info: float package is loaded.
Package caption Info: End \AtBeginDocument code.
<figures/Danmarks_Tekniske_Universitet_(logo).svg.png, id=1, 1927.2pt x 2811.50
375pt>
File: figures/Danmarks_Tekniske_Universitet_(logo).svg.png Graphic file (type p
ng)
<use figures/Danmarks_Tekniske_Universitet_(logo).svg.png>
Package pdftex.def Info: figures/Danmarks_Tekniske_Universitet_(logo).svg.png  
used on input line 57.
(pdftex.def)             Requested size: 142.68329pt x 208.15099pt.
<figures/TDC.svg.png, id=3, 1284.8pt x 1099.10625pt>
File: figures/TDC.svg.png Graphic file (type png)
<use figures/TDC.svg.png>
Package pdftex.def Info: figures/TDC.svg.png  used on input line 61.
(pdftex.def)             Requested size: 142.68329pt x 122.05925pt.
 [1

{C:/Users/thomas/AppData/Local/MiKTeX/fonts/map/pdftex/pdftex.map} <./figures/D
anmarks_Tekniske_Universitet_(logo).svg.png> <./figures/TDC.svg.png>]
(main.toc)
\tf@toc=\write3
\openout3 = `main.toc'.

 [1] (introduction_3.tex
Underfull \hbox (badness 10000) in paragraph at lines 3--4

 []


Underfull \hbox (badness 10000) in paragraph at lines 7--8

 []


Underfull \hbox (badness 10000) in paragraph at lines 9--10

 []


Underfull \hbox (badness 10000) in paragraph at lines 12--13

 []

)
Underfull \hbox (badness 10000) in paragraph at lines 16--82

 []

(Theory.tex
Underfull \hbox (badness 10000) in paragraph at lines 5--6

 []

[2]
<figures/Frequency_reuse.png, id=19, 250.9375pt x 202.7575pt>
File: figures/Frequency_reuse.png Graphic file (type png)
<use figures/Frequency_reuse.png>
Package pdftex.def Info: figures/Frequency_reuse.png  used on input line 9.
(pdftex.def)             Requested size: 452.9679pt x 366.03987pt.

Underfull \hbox (badness 10000) in paragraph at lines 14--15

 []


Underfull \hbox (badness 10000) in paragraph at lines 16--17

 []

[3 <./figures/Frequency_reuse.png>]
Underfull \hbox (badness 10000) in paragraph at lines 18--19

 []


Underfull \hbox (badness 10000) in paragraph at lines 23--24

 []


Underfull \hbox (badness 10000) in paragraph at lines 25--26

 []

<figures/ofdm.png, id=24, 663.47874pt x 241.90375pt>
File: figures/ofdm.png Graphic file (type png)
<use figures/ofdm.png>
Package pdftex.def Info: figures/ofdm.png  used on input line 29.
(pdftex.def)             Requested size: 452.9679pt x 165.15308pt.

Underfull \hbox (badness 10000) in paragraph at lines 36--37

 []

[4 <./figures/ofdm.png>]
<figures/qam_1_axis.png, id=28, 860.013pt x 218.61674pt>
File: figures/qam_1_axis.png Graphic file (type png)
<use figures/qam_1_axis.png>
Package pdftex.def Info: figures/qam_1_axis.png  used on input line 52.
(pdftex.def)             Requested size: 452.9679pt x 115.14577pt.

Underfull \hbox (badness 10000) in paragraph at lines 60--61

 []


Underfull \hbox (badness 10000) in paragraph at lines 66--68

 []

<figures/ber_plot_1.png, id=29, 641.7576pt x 425.6703pt>
File: figures/ber_plot_1.png Graphic file (type png)
<use figures/ber_plot_1.png>
Package pdftex.def Info: figures/ber_plot_1.png  used on input line 77.
(pdftex.def)             Requested size: 452.9679pt x 300.44833pt.
[5 <./figures/qam_1_axis.png>]
Underfull \hbox (badness 10000) in paragraph at lines 82--83

 []


Underfull \hbox (badness 10000) in paragraph at lines 88--89

 []

<figures/prb_grid.jpg, id=39, 240.47363pt x 196.34416pt>
File: figures/prb_grid.jpg Graphic file (type jpg)
<use figures/prb_grid.jpg>
Package pdftex.def Info: figures/prb_grid.jpg  used on input line 92.
(pdftex.def)             Requested size: 452.9679pt x 369.84909pt.

LaTeX Warning: `h' float specifier changed to `ht'.


Underfull \hbox (badness 10000) in paragraph at lines 97--98

 []


Underfull \hbox (badness 10000) in paragraph at lines 100--101

 []

[6 <./figures/ber_plot_1.png>]
Underfull \hbox (badness 10000) in paragraph at lines 102--103

 []


Underfull \hbox (badness 10000) in paragraph at lines 108--109

 []


Underfull \hbox (badness 10000) in paragraph at lines 116--117

 []

[7 <./figures/prb_grid.jpg>]
Underfull \hbox (badness 10000) in paragraph at lines 118--119

 []


Underfull \hbox (badness 10000) in paragraph at lines 127--128

 []


Underfull \hbox (badness 10000) in paragraph at lines 129--131

 []

<figures/prb_utilization.png, id=48, 506.39188pt x 365.86688pt>
File: figures/prb_utilization.png Graphic file (type png)
<use figures/prb_utilization.png>
Package pdftex.def Info: figures/prb_utilization.png  used on input line 134.
(pdftex.def)             Requested size: 452.9679pt x 327.27296pt.

Underfull \hbox (badness 10000) in paragraph at lines 140--141

 []

[8 <./figures/prb_utilization.png>]
Underfull \hbox (badness 10000) in paragraph at lines 142--143

 []


Underfull \hbox (badness 10000) in paragraph at lines 147--148

 []


Underfull \hbox (badness 10000) in paragraph at lines 149--150

 []


Underfull \hbox (badness 10000) in paragraph at lines 151--152

 []


Underfull \hbox (badness 10000) in paragraph at lines 154--155

 []


Underfull \hbox (badness 10000) in paragraph at lines 156--157

 []

[9]
Underfull \hbox (badness 10000) in paragraph at lines 158--159

 []


Underfull \hbox (badness 10000) in paragraph at lines 160--161

 []


Underfull \hbox (badness 10000) in paragraph at lines 162--163

 []


Underfull \hbox (badness 10000) in paragraph at lines 164--165

 []


Underfull \hbox (badness 10000) in paragraph at lines 168--169

 []


Underfull \hbox (badness 10000) in paragraph at lines 170--171

 []


Underfull \hbox (badness 10000) in paragraph at lines 172--173

 []

[10]) (dataset.tex

LaTeX Warning: `h' float specifier changed to `ht'.

<figures/9_tower_time_feature_daily_max.png, id=59, 1077.18436pt x 714.38895pt>

File: figures/9_tower_time_feature_daily_max.png Graphic file (type png)
<use figures/9_tower_time_feature_daily_max.png>
Package pdftex.def Info: figures/9_tower_time_feature_daily_max.png  used on in
put line 55.
(pdftex.def)             Requested size: 452.9679pt x 300.41193pt.

LaTeX Warning: `h' float specifier changed to `ht'.


Underfull \hbox (badness 10000) in paragraph at lines 60--61

 []


Underfull \hbox (badness 10000) in paragraph at lines 62--63

 []

<figures/avg_hourly_per_site.png, id=60, 626.5809pt x 394.95555pt>
File: figures/avg_hourly_per_site.png Graphic file (type png)
<use figures/avg_hourly_per_site.png>
Package pdftex.def Info: figures/avg_hourly_per_site.png  used on input line 68
.
(pdftex.def)             Requested size: 452.9679pt x 285.52486pt.
[11]
Underfull \hbox (badness 10000) in paragraph at lines 73--74

 []


Underfull \hbox (badness 10000) in paragraph at lines 75--76

 []

[12 <./figures/avg_hourly_per_site.png>]
Underfull \hbox (badness 10000) in paragraph at lines 77--86

 []


Underfull \hbox (badness 10000) in paragraph at lines 87--88

 []


Underfull \hbox (badness 10000) in paragraph at lines 89--90

 []


Underfull \hbox (badness 10000) in paragraph at lines 94--95

 []

[13 <./figures/9_tower_time_feature_daily_max.png>]
<figures/correlation_matrix.png, id=73, 794.2473pt x 724.1454pt>
File: figures/correlation_matrix.png Graphic file (type png)
<use figures/correlation_matrix.png>
Package pdftex.def Info: figures/correlation_matrix.png  used on input line 98.

(pdftex.def)             Requested size: 452.9679pt x 412.9992pt.

Underfull \hbox (badness 10000) in paragraph at lines 103--104

 []


Underfull \hbox (badness 10000) in paragraph at lines 105--106

 []

[14 <./figures/correlation_matrix.png>]
Underfull \hbox (badness 10000) in paragraph at lines 109--110

 []

)
Underfull \hbox (badness 10000) in paragraph at lines 111--90

 []

(preprocessing.tex
<figures/cell_data_length.png, id=78, 426.393pt x 280.76895pt>
File: figures/cell_data_length.png Graphic file (type png)
<use figures/cell_data_length.png>
Package pdftex.def Info: figures/cell_data_length.png  used on input line 5.
(pdftex.def)             Requested size: 452.9679pt x 298.2777pt.

Underfull \hbox (badness 10000) in paragraph at lines 10--11

 []


Underfull \hbox (badness 10000) in paragraph at lines 12--13

 []

[15 <./figures/cell_data_length.png>]
Underfull \hbox (badness 10000) in paragraph at lines 16--18

 []


Underfull \hbox (badness 10000) in paragraph at lines 20--21

 []


Underfull \hbox (badness 10000) in paragraph at lines 44--45

 []


Underfull \hbox (badness 10000) in paragraph at lines 50--51

 []

)
Underfull \hbox (badness 10000) in paragraph at lines 52--92

 []

(classification.tex
Underfull \hbox (badness 10000) in paragraph at lines 1--2

 []

[16]
Underfull \hbox (badness 10000) in paragraph at lines 3--4

 []


Underfull \hbox (badness 10000) in paragraph at lines 5--6

 []


Underfull \hbox (badness 10000) in paragraph at lines 7--8

 []

<figures/box_plot_holiday_avg_site.png, id=86, 418.80466pt x 328.46715pt>
File: figures/box_plot_holiday_avg_site.png Graphic file (type png)
<use figures/box_plot_holiday_avg_site.png>
Package pdftex.def Info: figures/box_plot_holiday_avg_site.png  used on input l
ine 12.
(pdftex.def)             Requested size: 452.9679pt x 355.27551pt.

Underfull \hbox (badness 10000) in paragraph at lines 19--20

 []

[17 <./figures/box_plot_holiday_avg_site.png>]
Underfull \hbox (badness 10000) in paragraph at lines 21--22

 []


Underfull \hbox (badness 10000) in paragraph at lines 23--24

 []


Underfull \hbox (badness 10000) in paragraph at lines 27--28

 []


Underfull \hbox (badness 10000) in paragraph at lines 36--37

 []

<figures/t_test_all_cells.png, id=91, 1076.823pt x 497.9403pt>
File: figures/t_test_all_cells.png Graphic file (type png)
<use figures/t_test_all_cells.png>
Package pdftex.def Info: figures/t_test_all_cells.png  used on input line 56.
(pdftex.def)             Requested size: 452.9679pt x 209.4602pt.

LaTeX Warning: `h' float specifier changed to `ht'.


LaTeX Warning: `h' float specifier changed to `ht'.


Underfull \hbox (badness 10000) in paragraph at lines 77--78

 []

[18]
Underfull \hbox (badness 10000) in paragraph at lines 79--80

 []


Underfull \hbox (badness 10000) in paragraph at lines 81--82

 []

)
Underfull \hbox (badness 10000) in paragraph at lines 83--97

 []

(forecasting.tex
Underfull \hbox (badness 10000) in paragraph at lines 1--2

 []

[19 <./figures/t_test_all_cells.png>]
Underfull \hbox (badness 10000) in paragraph at lines 3--4

 []


Underfull \hbox (badness 10000) in paragraph at lines 13--14

 []


Underfull \hbox (badness 10000) in paragraph at lines 17--18

 []


Underfull \hbox (badness 10000) in paragraph at lines 19--20

 []


Underfull \hbox (badness 10000) in paragraph at lines 21--22

 []


LaTeX Warning: `h' float specifier changed to `ht'.


Underfull \hbox (badness 10000) in paragraph at lines 38--39

 []


Underfull \hbox (badness 10000) in paragraph at lines 40--41

 []

[20]
Underfull \hbox (badness 10000) in paragraph at lines 43--44

 []

(arima.tex
Underfull \hbox (badness 10000) in paragraph at lines 10--11

 []


Underfull \hbox (badness 10000) in paragraph at lines 12--13

 []


Underfull \hbox (badness 10000) in paragraph at lines 19--20

 []

[21]
<figures/arima_seasonal_pre_order.png, id=108, 715.11165pt x 353.76164pt>
File: figures/arima_seasonal_pre_order.png Graphic file (type png)
<use figures/arima_seasonal_pre_order.png>
Package pdftex.def Info: figures/arima_seasonal_pre_order.png  used on input li
ne 41.
(pdftex.def)             Requested size: 366.899pt x 181.50642pt.
<figures/arima_non_seasonal_pre_order.png, id=109, 715.11165pt x 353.76164pt>
File: figures/arima_non_seasonal_pre_order.png Graphic file (type png)
<use figures/arima_non_seasonal_pre_order.png>
Package pdftex.def Info: figures/arima_non_seasonal_pre_order.png  used on inpu
t line 50.
(pdftex.def)             Requested size: 366.899pt x 181.50642pt.
<figures/arima_global_pre_order.png, id=110, 715.11165pt x 353.76164pt>
File: figures/arima_global_pre_order.png Graphic file (type png)
<use figures/arima_global_pre_order.png>
Package pdftex.def Info: figures/arima_global_pre_order.png  used on input line
 57.
(pdftex.def)             Requested size: 366.899pt x 181.50642pt.

Underfull \hbox (badness 10000) in paragraph at lines 66--67

 []


Overfull \hbox (35.49228pt too wide) in paragraph at lines 68--69
[]\OT1/cmr/m/n/12 For the sea-sonal set-ting, the most fre-quently se-lected co
n-fig-u-ra-tion was ARIMA$(1\OML/cmm/m/it/12 ; \OT1/cmr/m/n/12 1\OML/cmm/m/it/1
2 ; \OT1/cmr/m/n/12 1)(0\OML/cmm/m/it/12 ; \OT1/cmr/m/n/12 0\OML/cmm/m/it/12 ; 
\OT1/cmr/m/n/12 0\OML/cmm/m/it/12 ; \OT1/cmr/m/n/12 7)$.
 []


Underfull \hbox (badness 10000) in paragraph at lines 68--69

 []


Underfull \hbox (badness 10000) in paragraph at lines 70--71

 []


Underfull \hbox (badness 10000) in paragraph at lines 73--74

 []


Underfull \hbox (badness 10000) in paragraph at lines 103--104

 []

[22] [23 <./figures/arima_seasonal_pre_order.png> <./figures/arima_non_seasonal
_pre_order.png> <./figures/arima_global_pre_order.png>] [24]
Underfull \hbox (badness 10000) in paragraph at lines 157--166

 []

<figures/arima_post_seasonal_order_2.png, id=126, 715.473pt x 353.76164pt>
File: figures/arima_post_seasonal_order_2.png Graphic file (type png)
<use figures/arima_post_seasonal_order_2.png>
Package pdftex.def Info: figures/arima_post_seasonal_order_2.png  used on input
 line 177.
(pdftex.def)             Requested size: 366.899pt x 181.40927pt.
<figures/arima_non_seasonal_pre_order_2.png, id=127, 715.11165pt x 353.76164pt>

File: figures/arima_non_seasonal_pre_order_2.png Graphic file (type png)
<use figures/arima_non_seasonal_pre_order_2.png>
Package pdftex.def Info: figures/arima_non_seasonal_pre_order_2.png  used on in
put line 186.
(pdftex.def)             Requested size: 366.899pt x 181.50642pt.
<figures/arima_global_post_order.png, id=128, 715.473pt x 353.76164pt>
File: figures/arima_global_post_order.png Graphic file (type png)
<use figures/arima_global_post_order.png>
Package pdftex.def Info: figures/arima_global_post_order.png  used on input lin
e 193.
(pdftex.def)             Requested size: 366.899pt x 181.40927pt.
[25] [26 <./figures/arima_post_seasonal_order_2.png> <./figures/arima_non_seaso
nal_pre_order_2.png> <./figures/arima_global_post_order.png>]
Underfull \hbox (badness 10000) in paragraph at lines 220--221

 []


Underfull \hbox (badness 10000) in paragraph at lines 222--223

 []


Underfull \hbox (badness 10000) in paragraph at lines 224--225

 []

<figures/arima_seasonal_pred.png, id=139, 715.11165pt x 353.03896pt>
File: figures/arima_seasonal_pred.png Graphic file (type png)
<use figures/arima_seasonal_pred.png>
Package pdftex.def Info: figures/arima_seasonal_pred.png  used on input line 22
8.
(pdftex.def)             Requested size: 452.9679pt x 223.62778pt.

Underfull \hbox (badness 10000) in paragraph at lines 233--234

 []

) (OLS.tex [27 <./figures/arima_seasonal_pred.png>]
Underfull \hbox (badness 10000) in paragraph at lines 24--25

 []


Underfull \hbox (badness 10000) in paragraph at lines 29--30

 []


Underfull \hbox (badness 10000) in paragraph at lines 49--60

 []

<figures/OLS_prediction.png, id=144, 400.3758pt x 339.669pt>
File: figures/OLS_prediction.png Graphic file (type png)
<use figures/OLS_prediction.png>
Package pdftex.def Info: figures/OLS_prediction.png  used on input line 63.
(pdftex.def)             Requested size: 452.9679pt x 384.31387pt.
[28]) (XGboost.tex
Underfull \hbox (badness 10000) in paragraph at lines 1--2

 []


Underfull \hbox (badness 10000) in paragraph at lines 3--4

 []

[29 <./figures/OLS_prediction.png>]
Underfull \hbox (badness 10000) in paragraph at lines 6--7

 []


Underfull \hbox (badness 10000) in paragraph at lines 8--9

 []


Underfull \hbox (badness 10000) in paragraph at lines 10--11

 []


Underfull \hbox (badness 10000) in paragraph at lines 12--13

 []


Underfull \hbox (badness 10000) in paragraph at lines 20--21

 []


Underfull \hbox (badness 10000) in paragraph at lines 23--24

 []


Underfull \hbox (badness 10000) in paragraph at lines 25--26

 []

[30]
Underfull \hbox (badness 10000) in paragraph at lines 27--29

 []


Underfull \hbox (badness 10000) in paragraph at lines 30--32

 []


Underfull \hbox (badness 10000) in paragraph at lines 33--34

 []


Underfull \hbox (badness 10000) in paragraph at lines 37--38

 []


Underfull \hbox (badness 10000) in paragraph at lines 54--55

 []

<figures/feature_importance_xg.png, id=158, 416.2752pt x 365.32484pt>
File: figures/feature_importance_xg.png Graphic file (type png)
<use figures/feature_importance_xg.png>
Package pdftex.def Info: figures/feature_importance_xg.png  used on input line 
58.
(pdftex.def)             Requested size: 452.9679pt x 397.54955pt.
[31]
Underfull \hbox (badness 10000) in paragraph at lines 63--64

 []

<figures/xg_tree.png, id=162, 372.55185pt x 181.3977pt>
File: figures/xg_tree.png Graphic file (type png)
<use figures/xg_tree.png>
Package pdftex.def Info: figures/xg_tree.png  used on input line 67.
(pdftex.def)             Requested size: 452.9679pt x 220.56306pt.
[32 <./figures/feature_importance_xg.png>]
Underfull \hbox (badness 10000) in paragraph at lines 72--73

 []


Underfull \hbox (badness 10000) in paragraph at lines 74--75

 []

<figures/xg_boost_prediction.png, id=167, 1004.19165pt x 425.6703pt>
File: figures/xg_boost_prediction.png Graphic file (type png)
<use figures/xg_boost_prediction.png>
Package pdftex.def Info: figures/xg_boost_prediction.png  used on input line 78
.
(pdftex.def)             Requested size: 452.9679pt x 192.00452pt.

Underfull \hbox (badness 10000) in paragraph at lines 83--84

 []

[33 <./figures/xg_tree.png> <./figures/xg_boost_prediction.png>])) (results.tex

Underfull \hbox (badness 10000) in paragraph at lines 1--5

 []


Underfull \hbox (badness 10000) in paragraph at lines 8--9

 []


Underfull \hbox (badness 10000) in paragraph at lines 10--11

 []


Underfull \hbox (badness 10000) in paragraph at lines 31--32

 []


Underfull \hbox (badness 10000) in paragraph at lines 33--34

 []


Underfull \hbox (badness 10000) in paragraph at lines 35--36

 []

[34]
Underfull \hbox (badness 10000) in paragraph at lines 37--38

 []


Underfull \hbox (badness 10000) in paragraph at lines 39--40

 []


Underfull \hbox (badness 10000) in paragraph at lines 76--77

 []


Underfull \hbox (badness 10000) in paragraph at lines 78--79

 []

[35]
Underfull \hbox (badness 10000) in paragraph at lines 80--81

 []


Underfull \hbox (badness 10000) in paragraph at lines 82--83

 []


Underfull \hbox (badness 10000) in paragraph at lines 86--87

 []


Overfull \hbox (4.55438pt too wide) in paragraph at lines 95--114
 [][] 
 []


Underfull \hbox (badness 10000) in paragraph at lines 116--117

 []


Underfull \hbox (badness 10000) in paragraph at lines 118--123

 []


Underfull \hbox (badness 10000) in paragraph at lines 124--125

 []

[36]
Underfull \hbox (badness 10000) in paragraph at lines 129--131

 []


Underfull \hbox (badness 10000) in paragraph at lines 136--146

 []

)
Underfull \hbox (badness 10000) in paragraph at lines 147--103

 []

(conclusion.tex
Underfull \hbox (badness 10000) in paragraph at lines 1--7

 []


Underfull \hbox (badness 10000) in paragraph at lines 8--17

 []


Underfull \hbox (badness 10000) in paragraph at lines 18--33

 []

[37]
Underfull \hbox (badness 10000) in paragraph at lines 34--41

 []


Underfull \hbox (badness 10000) in paragraph at lines 42--64

 []


Underfull \hbox (badness 10000) in paragraph at lines 65--75

 []


Underfull \hbox (badness 10000) in paragraph at lines 76--83

 []

)
Underfull \hbox (badness 10000) in paragraph at lines 84--106

 []

[38] (main.bbl
Underfull \hbox (badness 10000) in paragraph at lines 33--38
\OT1/cmr/m/n/12 2026.  URL $\OT1/cmtt/m/n/12 https : / / portal . 3gpp . org / 
desktopmodules / Specifications /
 []


Underfull \hbox (badness 10000) in paragraph at lines 53--55
[]\OT1/cmr/m/n/12 Copenhagen school hol-i-days.  URL $\OT1/cmtt/m/n/12 https : 
/ / publicholidays . dk /
 []

) [39] (main.aux)
 ***********
LaTeX2e <2025-11-01>
L3 programming layer <2025-12-24>
 ***********
 ) 
Here is how much of TeX's memory you used:
 5403 strings out of 467871
 93939 string characters out of 5417892
 504226 words of memory out of 5000000
 34194 multiletter control sequences out of 15000+600000
 636870 words of font info for 71 fonts, out of 8000000 for 9000
 1141 hyphenation exceptions out of 8191
 67i,10n,77p,1106b,688s stack positions out of 10000i,1000n,20000p,200000b,200000s
 <C:\Users\thomas\AppData\Local\MiKTeX\fonts/pk/ljfour/jknappen/ec/dpi600\tcr
m1200.pk><C:/Users/thomas/AppData/Local/Programs/MiKTeX/fonts/type1/public/amsf
onts/cm/cmbx12.pfb><C:/Users/thomas/AppData/Local/Programs/MiKTeX/fonts/type1/p
ublic/amsfonts/cm/cmex10.pfb><C:/Users/thomas/AppData/Local/Programs/MiKTeX/fon
ts/type1/public/amsfonts/cm/cmmi12.pfb><C:/Users/thomas/AppData/Local/Programs/
MiKTeX/fonts/type1/public/amsfonts/cm/cmmi8.pfb><C:/Users/thomas/AppData/Local/
Programs/MiKTeX/fonts/type1/public/amsfonts/cm/cmmib10.pfb><C:/Users/thomas/App
Data/Local/Programs/MiKTeX/fonts/type1/public/amsfonts/cm/cmr10.pfb><C:/Users/t
homas/AppData/Local/Programs/MiKTeX/fonts/type1/public/amsfonts/cm/cmr12.pfb><C
:/Users/thomas/AppData/Local/Programs/MiKTeX/fonts/type1/public/amsfonts/cm/cmr
17.pfb><C:/Users/thomas/AppData/Local/Programs/MiKTeX/fonts/type1/public/amsfon
ts/cm/cmr6.pfb><C:/Users/thomas/AppData/Local/Programs/MiKTeX/fonts/type1/publi
c/amsfonts/cm/cmr8.pfb><C:/Users/thomas/AppData/Local/Programs/MiKTeX/fonts/typ
e1/public/amsfonts/cm/cmsy10.pfb><C:/Users/thomas/AppData/Local/Programs/MiKTeX
/fonts/type1/public/amsfonts/cm/cmsy8.pfb><C:/Users/thomas/AppData/Local/Progra
ms/MiKTeX/fonts/type1/public/amsfonts/cm/cmti12.pfb><C:/Users/thomas/AppData/Lo
cal/Programs/MiKTeX/fonts/type1/public/amsfonts/cm/cmtt12.pfb>
Output written on main.pdf (40 pages, 3358316 bytes).
PDF statistics:
 256 PDF objects out of 1000 (max. 8388607)
 0 named destinations out of 1000 (max. 500000)
 126 words of extra memory for PDF output out of 10000 (max. 10000000)

